Arguments: 
  /usr/local/bin/node /usr/local/Cellar/yarn/1.9.4/libexec/bin/yarn.js add clean-webpack-plugin html-weback-plugin mini-css-extract-plugin ts-loader webpack webpack-cli less less-loader --dev

PATH: 
  /usr/local/sbin:/Users/Juiced1/bin:/usr/local/bin://anaconda/bin:/usr/local/bin:/usr/bin:/bin:/usr/sbin:/sbin:/opt/X11/bin:/Applications/Sublime Text.app/Contents/SharedSupport/bin/:/Users/Juiced1/Library/Android/sdk/tools:/Users/Juiced1/Library/Android/sdk/platform-tools:/Users/Juiced1/Library/Android/sdk/platform-tools/adb:/usr/local/mysql/bin

Yarn version: 
  1.9.4

Node version: 
  8.10.0

Platform: 
  darwin x64

Trace: 
  Error: https://registry.yarnpkg.com/html-weback-plugin: Not found
      at Request.params.callback [as _callback] (/usr/local/Cellar/yarn/1.9.4/libexec/lib/cli.js:64202:18)
      at Request.self.callback (/usr/local/Cellar/yarn/1.9.4/libexec/lib/cli.js:137468:22)
      at emitTwo (events.js:126:13)
      at Request.emit (events.js:214:7)
      at Request.<anonymous> (/usr/local/Cellar/yarn/1.9.4/libexec/lib/cli.js:138440:10)
      at emitOne (events.js:116:13)
      at Request.emit (events.js:211:7)
      at IncomingMessage.<anonymous> (/usr/local/Cellar/yarn/1.9.4/libexec/lib/cli.js:138362:12)
      at Object.onceWrapper (events.js:313:30)
      at emitNone (events.js:111:20)

npm manifest: 
  {
      "name": "CSS_Clock",
      "version": "1.0.0",
      "description": "",
      "private": true,
      "scripts": {
          "start": "NODE_ENV=production node server.js",
          "test": "echo \"Error: no test specified\" && exit 1",
          "build": "webpack"
      },
      "repository": {
          "type": "git",
          "url": "git+https://github.com/JustinSHong/CSS_Clock.git"
      },
      "keywords": [],
      "author": "",
      "license": "ISC",
      "bugs": {
          "url": "https://github.com/JustinSHong/CSS_Clock/issues"
      },
      "homepage": "https://github.com/JustinSHong/CSS_Clock#readme",
      "dependencies": {}
  }

yarn manifest: 
  No manifest

Lockfile: 
  # THIS IS AN AUTOGENERATED FILE. DO NOT EDIT THIS FILE DIRECTLY.
  # yarn lockfile v1
